[debug] [2018-06-07T19:56:21.098Z] ----------------------------------------------------------------------
[debug] [2018-06-07T19:56:21.100Z] Command:       C:\Program Files\nodejs\node.exe C:\Users\plumkaballz\AppData\Roaming\npm\node_modules\firebase-tools\bin\firebase deploy
[debug] [2018-06-07T19:56:21.100Z] CLI Version:   3.18.5
[debug] [2018-06-07T19:56:21.100Z] Platform:      win32
[debug] [2018-06-07T19:56:21.100Z] Node Version:  v8.11.2
[debug] [2018-06-07T19:56:21.101Z] Time:          Thu Jun 07 2018 21:56:21 GMT+0200 (Romance Summer Time)
[debug] [2018-06-07T19:56:21.101Z] ----------------------------------------------------------------------
[debug] 
[debug] [2018-06-07T19:56:21.111Z] > command requires scopes: ["email","openid","https://www.googleapis.com/auth/cloudplatformprojects.readonly","https://www.googleapis.com/auth/firebase","https://www.googleapis.com/auth/cloud-platform"]
[debug] [2018-06-07T19:56:21.112Z] > authorizing via signed-in user
[debug] [2018-06-07T19:56:21.113Z] > refreshing access token with scopes: ["email","https://www.googleapis.com/auth/cloud-platform","https://www.googleapis.com/auth/cloudplatformprojects.readonly","https://www.googleapis.com/auth/firebase","openid"]
[debug] [2018-06-07T19:56:21.113Z] >>> HTTP REQUEST POST https://www.googleapis.com/oauth2/v3/token  
 { refresh_token: '1/ULK6fttzmSzH0SAWaoMt1CyYwED3SgkCqnXN3kE_qomrNRavjamLoaN83qxkjYeR',
  client_id: '563584335869-fgrhgmd47bqnekij5i8b5pr03ho849e6.apps.googleusercontent.com',
  client_secret: 'j9iVZfS8kkCEFUPaAeJV0sAi',
  grant_type: 'refresh_token',
  scope: 'email https://www.googleapis.com/auth/cloud-platform https://www.googleapis.com/auth/cloudplatformprojects.readonly https://www.googleapis.com/auth/firebase openid' } 
 Thu Jun 07 2018 21:56:21 GMT+0200 (Romance Summer Time)
[debug] [2018-06-07T19:56:21.254Z] <<< HTTP RESPONSE 200
[debug] [2018-06-07T19:56:21.260Z] >>> HTTP REQUEST GET https://admin.firebase.com/v1/projects/theglobalx  
  
 Thu Jun 07 2018 21:56:21 GMT+0200 (Romance Summer Time)
[debug] [2018-06-07T19:56:22.007Z] <<< HTTP RESPONSE 200
[debug] [2018-06-07T19:56:22.008Z] >>> HTTP REQUEST GET https://admin.firebase.com/v1/database/theglobalx/tokens  
  
 Thu Jun 07 2018 21:56:22 GMT+0200 (Romance Summer Time)
[debug] [2018-06-07T19:56:22.651Z] <<< HTTP RESPONSE 200
[info] 
[info] === Deploying to 'theglobalx'...
[info] 
[info] i  deploying database, hosting
[info] i  database: checking rules syntax...
[debug] [2018-06-07T19:56:23.340Z] >>> HTTP REQUEST PUT https://theglobalx.firebaseio.com/.settings/rules.json?dryRun=true  
 {
  "rules": {
    ".read": "auth != null",
    ".write": "auth != null"
  }
} 
 Thu Jun 07 2018 21:56:23 GMT+0200 (Romance Summer Time)
[debug] [2018-06-07T19:56:23.927Z] <<< HTTP RESPONSE 200
[info] +  database: rules syntax for database theglobalx is valid
[info] i  hosting: preparing dist directory for upload...
[debug] [2018-06-07T19:56:25.763Z] >>> HTTP REQUEST PUT https://deploy.firebase.com/v1/hosting/theglobalx/uploads/-LEQoaHnONuQt0RAiCJz?fileCount=379&message=  
  
 Thu Jun 07 2018 21:56:25 GMT+0200 (Romance Summer Time)
[debug] [2018-06-07T19:56:34.533Z] <<< HTTP RESPONSE 200
[debug] [2018-06-07T19:56:34.533Z] [hosting] .tgz uploaded successfully, waiting for extraction
[info] +  hosting: 379 files uploaded successfully
[debug] [2018-06-07T19:56:45.041Z] [hosting] deploy completed after 21112ms
[info] i  database: releasing rules...
[debug] [2018-06-07T19:56:45.121Z] >>> HTTP REQUEST PUT https://theglobalx.firebaseio.com/.settings/rules.json  
 {
  "rules": {
    ".read": "auth != null",
    ".write": "auth != null"
  }
} 
 Thu Jun 07 2018 21:56:45 GMT+0200 (Romance Summer Time)
[debug] [2018-06-07T19:56:45.703Z] <<< HTTP RESPONSE 200
[info] +  database: rules for database theglobalx released successfully
[debug] [2018-06-07T19:56:45.705Z] >>> HTTP REQUEST POST https://deploy.firebase.com/v1/projects/theglobalx/releases  
 { hosting: 
   { public: 'dist',
     ignore: [ 'firebase.json', '**/.*', '**/node_modules/**' ],
     rewrites: [ [Object] ],
     version: '-LEQoaHnONuQt0RAiCJz',
     prefix: '-LEQoaHnONuQt0RAiCJz/',
     manifest: [] } } 
 Thu Jun 07 2018 21:56:45 GMT+0200 (Romance Summer Time)
